-------------------------------------------------------------------------------
Test set: com.cpt202.group7.Group7ApplicationTests
-------------------------------------------------------------------------------
Tests run: 1, Failures: 0, Errors: 1, Skipped: 0, Time elapsed: 0.215 s <<< FAILURE! - in com.cpt202.group7.Group7ApplicationTests
com.cpt202.group7.Group7ApplicationTests  Time elapsed: 0.214 s  <<< ERROR!
java.lang.IllegalStateException: Unable to find a @SpringBootConfiguration, you need to use @ContextConfiguration or @SpringBootTest(classes=...) with your test

